
> evoke-ui@0.0.0 build-storybook
> storybook build --output-dir /tmp/chromatic--104648-nIJdnq8IKvV2

storybook v8.2.4

info => Cleaning outputDir: ../../../../tmp/chromatic--104648-nIJdnq8IKvV2
info => Loading presets
info => Building manager..
info => Manager built (172 ms)
info => Building preview..
WARN No story files found for the specified pattern: src/**/*.mdx
info Using tsconfig paths for react-docgen
[36mvite v5.3.3 [32mbuilding for production...[36m[39m
transforming...
[32m✓[39m 519 modules transformed.
rendering chunks...
computing gzip size...
[2m../../../../tmp/chromatic--104648-nIJdnq8IKvV2/[22m[32miframe.html                               [39m[1m[2m 16.32 kB[22m[1m[22m[2m │ gzip:   4.45 kB[22m
[2m../../../../tmp/chromatic--104648-nIJdnq8IKvV2/[22m[2massets/[22m[35mpreview-D_Kwlrjb.css               [39m[1m[2m  5.68 kB[22m[1m[22m[2m │ gzip:   1.72 kB[22m
[2m../../../../tmp/chromatic--104648-nIJdnq8IKvV2/[22m[2massets/[22m[36mpreview-BnWGZYux.js                [39m[1m[2m  0.07 kB[22m[1m[22m[2m │ gzip:   0.08 kB[22m
[2m../../../../tmp/chromatic--104648-nIJdnq8IKvV2/[22m[2massets/[22m[36mpreview-C5qLNIUq.js                [39m[1m[2m  0.11 kB[22m[1m[22m[2m │ gzip:   0.11 kB[22m
[2m../../../../tmp/chromatic--104648-nIJdnq8IKvV2/[22m[2massets/[22m[36mindex-BrnU7xv7.js                  [39m[1m[2m  0.42 kB[22m[1m[22m[2m │ gzip:   0.27 kB[22m
[2m../../../../tmp/chromatic--104648-nIJdnq8IKvV2/[22m[2massets/[22m[36mpreview-BJPLiuSt.js                [39m[1m[2m  0.64 kB[22m[1m[22m[2m │ gzip:   0.45 kB[22m
[2m../../../../tmp/chromatic--104648-nIJdnq8IKvV2/[22m[2massets/[22m[36mpreview-BpcF_O6y.js                [39m[1m[2m  0.71 kB[22m[1m[22m[2m │ gzip:   0.50 kB[22m
[2m../../../../tmp/chromatic--104648-nIJdnq8IKvV2/[22m[2massets/[22m[36mindex-DrFu-skq.js                  [39m[1m[2m  0.77 kB[22m[1m[22m[2m │ gzip:   0.47 kB[22m
[2m../../../../tmp/chromatic--104648-nIJdnq8IKvV2/[22m[2massets/[22m[36mpreview-D_YfFGxt.js                [39m[1m[2m  0.82 kB[22m[1m[22m[2m │ gzip:   0.53 kB[22m
[2m../../../../tmp/chromatic--104648-nIJdnq8IKvV2/[22m[2massets/[22m[36mentry-preview-BVEGWncc.js          [39m[1m[2m  1.44 kB[22m[1m[22m[2m │ gzip:   0.80 kB[22m
[2m../../../../tmp/chromatic--104648-nIJdnq8IKvV2/[22m[2massets/[22m[36mindex-DQPUD6p2.js                  [39m[1m[2m  1.76 kB[22m[1m[22m[2m │ gzip:   0.90 kB[22m
[2m../../../../tmp/chromatic--104648-nIJdnq8IKvV2/[22m[2massets/[22m[36mindex-D-8MO0q_.js                  [39m[1m[2m  2.58 kB[22m[1m[22m[2m │ gzip:   1.26 kB[22m
[2m../../../../tmp/chromatic--104648-nIJdnq8IKvV2/[22m[2massets/[22m[36mpreview-9hFJSo5S.js                [39m[1m[2m  3.20 kB[22m[1m[22m[2m │ gzip:   1.38 kB[22m
[2m../../../../tmp/chromatic--104648-nIJdnq8IKvV2/[22m[2massets/[22m[36mpreview-Ct5NkTJf.js                [39m[1m[2m  3.50 kB[22m[1m[22m[2m │ gzip:   1.69 kB[22m
[2m../../../../tmp/chromatic--104648-nIJdnq8IKvV2/[22m[2massets/[22m[36miframe-D_PvV4me.js                 [39m[1m[2m  3.91 kB[22m[1m[22m[2m │ gzip:   1.65 kB[22m
[2m../../../../tmp/chromatic--104648-nIJdnq8IKvV2/[22m[2massets/[22m[36mindex-DJO9vBfz.js                  [39m[1m[2m  6.96 kB[22m[1m[22m[2m │ gzip:   2.78 kB[22m
[2m../../../../tmp/chromatic--104648-nIJdnq8IKvV2/[22m[2massets/[22m[36mpreview-DB9FwMii.js                [39m[1m[2m  7.62 kB[22m[1m[22m[2m │ gzip:   1.56 kB[22m
[2m../../../../tmp/chromatic--104648-nIJdnq8IKvV2/[22m[2massets/[22m[36mpreview-Cdum89jS.js                [39m[1m[2m  8.12 kB[22m[1m[22m[2m │ gzip:   3.10 kB[22m
[2m../../../../tmp/chromatic--104648-nIJdnq8IKvV2/[22m[2massets/[22m[36mindex.stories-DGTuAEX3.js          [39m[1m[2m 24.89 kB[22m[1m[22m[2m │ gzip:   8.43 kB[22m
[2m../../../../tmp/chromatic--104648-nIJdnq8IKvV2/[22m[2massets/[22m[36mColor-KGDBMAHA-UA6uNA3_.js         [39m[1m[2m 30.88 kB[22m[1m[22m[2m │ gzip:  11.75 kB[22m
[2m../../../../tmp/chromatic--104648-nIJdnq8IKvV2/[22m[2massets/[22m[36mpreview-gLmJTRpJ.js                [39m[1m[2m 61.68 kB[22m[1m[22m[2m │ gzip:  21.53 kB[22m
[2m../../../../tmp/chromatic--104648-nIJdnq8IKvV2/[22m[2massets/[22m[36misArray-tqYo1RmB.js                [39m[1m[2m 80.48 kB[22m[1m[22m[2m │ gzip:  24.03 kB[22m
[2m../../../../tmp/chromatic--104648-nIJdnq8IKvV2/[22m[2massets/[22m[36mreact-18-B-emxa4J.js               [39m[1m[2m134.45 kB[22m[1m[22m[2m │ gzip:  43.36 kB[22m
[2m../../../../tmp/chromatic--104648-nIJdnq8IKvV2/[22m[2massets/[22m[36mentry-preview-docs-Bc_JRmw2.js     [39m[1m[2m353.65 kB[22m[1m[22m[2m │ gzip: 106.61 kB[22m
[2m../../../../tmp/chromatic--104648-nIJdnq8IKvV2/[22m[2massets/[22m[36mDocsRenderer-PKQXORMH-Ba9um7eO.js  [39m[1m[33m881.50 kB[39m[22m[2m │ gzip: 280.62 kB[22m
[32m✓ built in 6.68s[39m
info => Preview built (12 s)
info => Output directory: /tmp/chromatic--104648-nIJdnq8IKvV2
